dailyReading/build/outputs/logs/manifest-merger-debug-report.txt
-- Merging decision tree log ---
manifest
ADDED from src\main\AndroidManifest.xml:1:1-268:12
	package
		ADDED from src\main\AndroidManifest.xml:3:5-47
		INJECTED from src\main\AndroidManifest.xml
		INJECTED from src\main\AndroidManifest.xml
	android:versionName
		ADDED from src\main\AndroidManifest.xml:5:5-30
		INJECTED from src\main\AndroidManifest.xml
		INJECTED from src\main\AndroidManifest.xml
	xmlns:tools
		ADDED from src\main\AndroidManifest.xml:2:5-51
	android:versionCode
		ADDED from src\main\AndroidManifest.xml:4:5-28
		INJECTED from src\main\AndroidManifest.xml
		INJECTED from src\main\AndroidManifest.xml
	xmlns:android
		ADDED from src\main\AndroidManifest.xml:1:11-69
uses-feature#android.hardware.camera
ADDED from src\main\AndroidManifest.xml:15:5-17:35
	android:required
		ADDED from src\main\AndroidManifest.xml:17:9-32
	android:name
		ADDED from src\main\AndroidManifest.xml:16:9-47
uses-permission#android.permission.ACCESS_NETWORK_STATE
ADDED from src\main\AndroidManifest.xml:20:5-79
	android:name
		ADDED from src\main\AndroidManifest.xml:20:22-76
uses-permission#android.permission.ACCESS_WIFI_STATE
ADDED from src\main\AndroidManifest.xml:22:5-76
	android:name
		ADDED from src\main\AndroidManifest.xml:22:22-73
uses-permission#android.permission.READ_PHONE_STATE
ADDED from src\main\AndroidManifest.xml:24:5-75
	android:name
		ADDED from src\main\AndroidManifest.xml:24:22-72
uses-permission#android.permission.WRITE_EXTERNAL_STORAGE
ADDED from src\main\AndroidManifest.xml:26:5-81
	android:name
		ADDED from src\main\AndroidManifest.xml:26:22-78
uses-permission#android.permission.INTERNET
ADDED from src\main\AndroidManifest.xml:28:5-67
	android:name
		ADDED from src\main\AndroidManifest.xml:28:22-64
uses-permission#android.permission.ACCESS_FINE_LOCATION
ADDED from src\main\AndroidManifest.xml:30:5-79
	android:name
		ADDED from src\main\AndroidManifest.xml:30:22-76
uses-permission#android.permission.ACCESS_COARSE_LOCATION
ADDED from src\main\AndroidManifest.xml:31:5-81
	android:name
		ADDED from src\main\AndroidManifest.xml:31:22-78
uses-permission#android.permission.CHANGE_WIFI_STATE
ADDED from src\main\AndroidManifest.xml:32:5-76
	android:name
		ADDED from src\main\AndroidManifest.xml:32:22-73
uses-permission#android.permission.CHANGE_CONFIGURATION
ADDED from src\main\AndroidManifest.xml:33:5-79
	android:name
		ADDED from src\main\AndroidManifest.xml:33:22-76
uses-permission#android.permission.READ_LOGS
ADDED from src\main\AndroidManifest.xml:36:5-68
	android:name
		ADDED from src\main\AndroidManifest.xml:36:22-65
uses-permission#android.permission.WAKE_LOCK
ADDED from src\main\AndroidManifest.xml:37:5-68
	android:name
		ADDED from src\main\AndroidManifest.xml:37:22-65
uses-permission#android.permission.VIBRATE
ADDED from src\main\AndroidManifest.xml:38:5-66
	android:name
		ADDED from src\main\AndroidManifest.xml:38:22-63
uses-permission#android.permission.WRITE_SETTINGS
ADDED from src\main\AndroidManifest.xml:39:5-73
	android:name
		ADDED from src\main\AndroidManifest.xml:39:22-70
uses-permission#android.permission.GET_TASKS
ADDED from src\main\AndroidManifest.xml:41:5-68
	android:name
		ADDED from src\main\AndroidManifest.xml:41:22-65
uses-sdk
ADDED from src\main\AndroidManifest.xml:48:5-50:41
MERGED from [DailyReading:dZJ_LIB:unspecified] AndroidManifest.xml:7:5-9:41
MERGED from [com.android.support:support-v4:21.0.3] AndroidManifest.xml:15:5-42
	android:targetSdkVersion
		ADDED from src\main\AndroidManifest.xml:50:9-38
		INJECTED from src\main\AndroidManifest.xml
		INJECTED from src\main\AndroidManifest.xml
	android:minSdkVersion
		ADDED from src\main\AndroidManifest.xml:49:9-34
		INJECTED from src\main\AndroidManifest.xml
		INJECTED from src\main\AndroidManifest.xml
application
ADDED from src\main\AndroidManifest.xml:52:5-266:19
MERGED from [DailyReading:dZJ_LIB:unspecified] AndroidManifest.xml:11:5-16:19
MERGED from [com.android.support:support-v4:21.0.3] AndroidManifest.xml:16:5-19
	android:screenOrientation
		ADDED from src\main\AndroidManifest.xml:59:9-45
	android:label
		ADDED from src\main\AndroidManifest.xml:56:9-41
	android:allowBackup
		ADDED from src\main\AndroidManifest.xml:54:9-35
	android:icon
		ADDED from src\main\AndroidManifest.xml:55:9-45
		REJECTED from [DailyReading:dZJ_LIB:unspecified] AndroidManifest.xml:13:9-45
	android:theme
		ADDED from src\main\AndroidManifest.xml:57:9-62
		REJECTED from [DailyReading:dZJ_LIB:unspecified] AndroidManifest.xml:15:9-40
	tools:replace
		ADDED from src\main\AndroidManifest.xml:58:9-52
	android:name
		ADDED from src\main\AndroidManifest.xml:53:9-60
activity#com.android.dzj.app.dailyreading.main.activity.Activity_Main
ADDED from src\main\AndroidManifest.xml:60:9-71:20
	android:screenOrientation
		ADDED from src\main\AndroidManifest.xml:64:13-49
	android:label
		ADDED from src\main\AndroidManifest.xml:63:13-45
	android:windowSoftInputMode
		ADDED from src\main\AndroidManifest.xml:65:13-67
	android:configChanges
		ADDED from src\main\AndroidManifest.xml:62:13-63
	android:alwaysRetainTaskState
		ADDED from src\main\AndroidManifest.xml:61:13-49
	android:name
		ADDED from src\main\AndroidManifest.xml:60:19-94
intent-filter#android.intent.action.MAIN+android.intent.category.LAUNCHER
ADDED from src\main\AndroidManifest.xml:66:13-70:29
action#android.intent.action.MAIN
ADDED from src\main\AndroidManifest.xml:67:17-69
	android:name
		ADDED from src\main\AndroidManifest.xml:67:25-66
category#android.intent.category.LAUNCHER
ADDED from src\main\AndroidManifest.xml:69:17-77
	android:name
		ADDED from src\main\AndroidManifest.xml:69:27-74
activity#com.android.dzj.app.dailyreading.article.activity.Article_Details_Activity
ADDED from src\main\AndroidManifest.xml:73:9-74:51
	android:screenOrientation
		ADDED from src\main\AndroidManifest.xml:74:13-49
	android:name
		ADDED from src\main\AndroidManifest.xml:73:19-108
activity#com.android.dzj.app.dailyreading.play.activity.Qq_Activity
ADDED from src\main\AndroidManifest.xml:76:9-77:51
	android:screenOrientation
		ADDED from src\main\AndroidManifest.xml:77:13-49
	android:name
		ADDED from src\main\AndroidManifest.xml:76:19-92
activity#com.android.dzj.app.dailyreading.play.activity.constellation.Constellation_Activity
ADDED from src\main\AndroidManifest.xml:79:9-80:51
	android:screenOrientation
		ADDED from src\main\AndroidManifest.xml:80:13-49
	android:name
		ADDED from src\main\AndroidManifest.xml:79:19-117
activity#com.android.dzj.app.dailyreading.community.custom.CustonLoginActivity
ADDED from src\main\AndroidManifest.xml:87:9-88:52
	android:screenOrientation
		ADDED from src\main\AndroidManifest.xml:88:13-49
	android:name
		ADDED from src\main\AndroidManifest.xml:87:19-103
activity#com.umeng.comm.ui.activities.FindActivity
ADDED from src\main\AndroidManifest.xml:92:9-96:70
	android:screenOrientation
		ADDED from src\main\AndroidManifest.xml:95:13-49
	android:windowSoftInputMode
		ADDED from src\main\AndroidManifest.xml:96:13-67
	android:configChanges
		ADDED from src\main\AndroidManifest.xml:94:13-63
	android:name
		ADDED from src\main\AndroidManifest.xml:93:13-69
activity#com.umeng.comm.ui.activities.UserInfoActivity
ADDED from src\main\AndroidManifest.xml:99:9-102:70
	android:windowSoftInputMode
		ADDED from src\main\AndroidManifest.xml:102:13-67
	android:configChanges
		ADDED from src\main\AndroidManifest.xml:101:13-63
	android:name
		ADDED from src\main\AndroidManifest.xml:100:13-73
activity#com.umeng.comm.ui.activities.TopicDetailActivity
ADDED from src\main\AndroidManifest.xml:104:9-107:70
	android:windowSoftInputMode
		ADDED from src\main\AndroidManifest.xml:107:13-67
	android:configChanges
		ADDED from src\main\AndroidManifest.xml:106:13-63
	android:name
		ADDED from src\main\AndroidManifest.xml:105:13-76
activity#com.umeng.comm.ui.activities.FeedsActivity
ADDED from src\main\AndroidManifest.xml:109:9-114:70
	android:screenOrientation
		ADDED from src\main\AndroidManifest.xml:113:13-49
	android:windowSoftInputMode
		ADDED from src\main\AndroidManifest.xml:114:13-67
	android:configChanges
		ADDED from src\main\AndroidManifest.xml:112:13-63
	android:alwaysRetainTaskState
		ADDED from src\main\AndroidManifest.xml:111:13-49
	android:name
		ADDED from src\main\AndroidManifest.xml:110:13-70
activity#com.umeng.comm.ui.activities.RelativeUserActivity
ADDED from src\main\AndroidManifest.xml:117:9-121:70
	android:screenOrientation
		ADDED from src\main\AndroidManifest.xml:120:13-49
	android:windowSoftInputMode
		ADDED from src\main\AndroidManifest.xml:121:13-67
	android:configChanges
		ADDED from src\main\AndroidManifest.xml:119:13-63
	android:name
		ADDED from src\main\AndroidManifest.xml:118:13-77
activity#com.umeng.comm.ui.activities.SearchTopicActivity
ADDED from src\main\AndroidManifest.xml:122:9-125:71
	android:windowSoftInputMode
		ADDED from src\main\AndroidManifest.xml:125:13-68
	android:configChanges
		ADDED from src\main\AndroidManifest.xml:124:13-63
	android:name
		ADDED from src\main\AndroidManifest.xml:123:13-76
activity#com.umeng.comm.ui.activities.PostFeedActivity
ADDED from src\main\AndroidManifest.xml:128:9-132:69
	android:exported
		ADDED from src\main\AndroidManifest.xml:131:13-36
	android:windowSoftInputMode
		ADDED from src\main\AndroidManifest.xml:132:13-67
	android:configChanges
		ADDED from src\main\AndroidManifest.xml:130:13-63
	android:name
		ADDED from src\main\AndroidManifest.xml:129:13-73
activity#com.umeng.comm.ui.activities.ForwardActivity
ADDED from src\main\AndroidManifest.xml:135:9-138:70
	android:windowSoftInputMode
		ADDED from src\main\AndroidManifest.xml:138:13-67
	android:configChanges
		ADDED from src\main\AndroidManifest.xml:137:13-63
	android:name
		ADDED from src\main\AndroidManifest.xml:136:13-72
activity#com.umeng.comm.ui.activities.SearchActivity
ADDED from src\main\AndroidManifest.xml:140:9-143:70
	android:windowSoftInputMode
		ADDED from src\main\AndroidManifest.xml:143:13-67
	android:configChanges
		ADDED from src\main\AndroidManifest.xml:142:13-63
	android:name
		ADDED from src\main\AndroidManifest.xml:141:13-71
activity#com.umeng.comm.ui.activities.FeedDetailActivity
ADDED from src\main\AndroidManifest.xml:146:9-149:70
	android:windowSoftInputMode
		ADDED from src\main\AndroidManifest.xml:149:13-67
	android:configChanges
		ADDED from src\main\AndroidManifest.xml:148:13-63
	android:name
		ADDED from src\main\AndroidManifest.xml:147:13-75
activity#com.umeng.comm.ui.activities.LikeUsersActivity
ADDED from src\main\AndroidManifest.xml:157:9-83
	android:name
		ADDED from src\main\AndroidManifest.xml:157:19-80
activity#com.umeng.comm.ui.activities.LocationFeedActivity
ADDED from src\main\AndroidManifest.xml:160:9-86
	android:name
		ADDED from src\main\AndroidManifest.xml:160:19-83
activity#com.umeng.comm.ui.activities.GuideActivity
ADDED from src\main\AndroidManifest.xml:163:9-79
	android:name
		ADDED from src\main\AndroidManifest.xml:163:19-76
activity#com.umeng.comm.ui.activities.FollowedTopicActivity
ADDED from src\main\AndroidManifest.xml:165:9-87
	android:name
		ADDED from src\main\AndroidManifest.xml:165:19-84
activity#com.umeng.comm.ui.activities.NotificationActivity
ADDED from src\main\AndroidManifest.xml:166:9-86
	android:name
		ADDED from src\main\AndroidManifest.xml:166:19-83
activity#com.umeng.comm.ui.activities.NewMsgActivity
ADDED from src\main\AndroidManifest.xml:167:9-80
	android:name
		ADDED from src\main\AndroidManifest.xml:167:19-77
activity#com.umeng.comm.ui.activities.TopicPickActivity
ADDED from src\main\AndroidManifest.xml:168:9-171:70
	android:windowSoftInputMode
		ADDED from src\main\AndroidManifest.xml:171:13-67
	android:configChanges
		ADDED from src\main\AndroidManifest.xml:170:13-63
	android:name
		ADDED from src\main\AndroidManifest.xml:169:13-74
activity#com.umeng.common.ui.imagepicker.PhotoSelectorActivity
ADDED from src\main\AndroidManifest.xml:175:9-90
	android:name
		ADDED from src\main\AndroidManifest.xml:175:19-87
activity#com.umeng.common.ui.imagepicker.PhotoPreviewActivity
ADDED from src\main\AndroidManifest.xml:176:9-89
	android:name
		ADDED from src\main\AndroidManifest.xml:176:19-86
activity#com.umeng.common.ui.activities.MessageChatActivity
ADDED from src\main\AndroidManifest.xml:177:9-87
	android:name
		ADDED from src\main\AndroidManifest.xml:177:19-84
activity#com.umeng.common.ui.activities.BrowserActivity
ADDED from src\main\AndroidManifest.xml:178:9-180:77
	android:configChanges
		ADDED from src\main\AndroidManifest.xml:180:13-74
	android:name
		ADDED from src\main\AndroidManifest.xml:179:13-74
activity#com.umeng.common.ui.activities.SettingActivity
ADDED from src\main\AndroidManifest.xml:182:9-83
	android:name
		ADDED from src\main\AndroidManifest.xml:182:19-80
activity#com.umeng.community.login.LoginActivity
ADDED from src\main\AndroidManifest.xml:185:9-76
	android:name
		ADDED from src\main\AndroidManifest.xml:185:19-73
activity#com.tencent.tauth.AuthActivity
ADDED from src\main\AndroidManifest.xml:192:9-204:20
	android:launchMode
		ADDED from src\main\AndroidManifest.xml:194:13-44
	android:noHistory
		ADDED from src\main\AndroidManifest.xml:195:13-37
	android:name
		ADDED from src\main\AndroidManifest.xml:193:13-58
intent-filter#android.intent.action.VIEW+android.intent.category.BROWSABLE+android.intent.category.DEFAULT
ADDED from src\main\AndroidManifest.xml:196:13-203:29
action#android.intent.action.VIEW
ADDED from src\main\AndroidManifest.xml:197:17-69
	android:name
		ADDED from src\main\AndroidManifest.xml:197:25-66
category#android.intent.category.DEFAULT
ADDED from src\main\AndroidManifest.xml:199:17-76
	android:name
		ADDED from src\main\AndroidManifest.xml:199:27-73
category#android.intent.category.BROWSABLE
ADDED from src\main\AndroidManifest.xml:200:17-78
	android:name
		ADDED from src\main\AndroidManifest.xml:200:27-75
data
ADDED from src\main\AndroidManifest.xml:202:17-60
	android:scheme
		ADDED from src\main\AndroidManifest.xml:202:23-57
activity#com.tencent.connect.common.AssistActivity
ADDED from src\main\AndroidManifest.xml:205:9-208:75
	android:screenOrientation
		ADDED from src\main\AndroidManifest.xml:207:13-49
	android:theme
		ADDED from src\main\AndroidManifest.xml:208:13-72
	android:name
		ADDED from src\main\AndroidManifest.xml:206:13-69
activity#com.umeng.common.ui.activities.AlbumActivity
ADDED from src\main\AndroidManifest.xml:209:9-81
	android:name
		ADDED from src\main\AndroidManifest.xml:209:19-78
activity#com.android.dzj.app.dailyreading.wxapi.WXEntryActivity
ADDED from src\main\AndroidManifest.xml:211:9-216:75
	android:screenOrientation
		ADDED from src\main\AndroidManifest.xml:215:13-49
	android:exported
		ADDED from src\main\AndroidManifest.xml:214:13-36
	android:configChanges
		ADDED from src\main\AndroidManifest.xml:213:13-74
	android:theme
		ADDED from src\main\AndroidManifest.xml:216:13-72
	android:name
		ADDED from src\main\AndroidManifest.xml:212:13-82
activity#com.android.dzj.app.dailyreading.community.share.WBShareActivity
ADDED from src\main\AndroidManifest.xml:217:9-225:20
	android:screenOrientation
		ADDED from src\main\AndroidManifest.xml:220:13-49
	android:configChanges
		ADDED from src\main\AndroidManifest.xml:219:13-63
	android:name
		ADDED from src\main\AndroidManifest.xml:218:13-92
intent-filter#android.intent.category.DEFAULT+com.sina.weibo.sdk.action.ACTION_SDK_REQ_ACTIVITY
ADDED from src\main\AndroidManifest.xml:221:13-224:29
action#com.sina.weibo.sdk.action.ACTION_SDK_REQ_ACTIVITY
ADDED from src\main\AndroidManifest.xml:222:17-92
	android:name
		ADDED from src\main\AndroidManifest.xml:222:25-89
activity#com.sina.weibo.sdk.component.WeiboSdkBrowser
ADDED from src\main\AndroidManifest.xml:226:9-231:20
	android:exported
		ADDED from src\main\AndroidManifest.xml:230:13-37
	android:windowSoftInputMode
		ADDED from src\main\AndroidManifest.xml:229:13-55
	android:configChanges
		ADDED from src\main\AndroidManifest.xml:228:13-63
	android:name
		ADDED from src\main\AndroidManifest.xml:227:13-72
service#com.sina.weibo.sdk.net.DownloadService
ADDED from src\main\AndroidManifest.xml:232:9-233:48
	android:exported
		ADDED from src\main\AndroidManifest.xml:233:13-37
	android:name
		ADDED from src\main\AndroidManifest.xml:232:18-71
meta-data#UMENG_APPKEY
ADDED from src\main\AndroidManifest.xml:238:9-240:21
	android:value
		ADDED from src\main\AndroidManifest.xml:239:13-53
	android:name
		ADDED from src\main\AndroidManifest.xml:238:20-47
meta-data#UMENG_MESSAGE_SECRET
ADDED from src\main\AndroidManifest.xml:241:9-244:21
	android:value
		ADDED from src\main\AndroidManifest.xml:243:13-61
	android:name
		ADDED from src\main\AndroidManifest.xml:242:13-48
meta-data#com.amap.api.v2.apikey
ADDED from src\main\AndroidManifest.xml:247:9-249:64
	android:value
		ADDED from src\main\AndroidManifest.xml:249:13-61
	android:name
		ADDED from src\main\AndroidManifest.xml:248:13-50
meta-data#UMENG_CHANNEL
ADDED from src\main\AndroidManifest.xml:257:9-260:21
	android:value
		ADDED from src\main\AndroidManifest.xml:259:13-34
	android:name
		ADDED from src\main\AndroidManifest.xml:258:13-41